<?xml version="1.0" encoding="UTF-8"?>
<testsuites name="jest tests" tests="18" failures="0" errors="0" time="5.498">
  <testsuite name="db.getPool()" errors="0" failures="0" skipped="0" timestamp="2026-06-15T22:59:55" time="1.906" tests="2">
    <testcase classname="db.getPool() should create a new pool if none exists" name="db.getPool() should create a new pool if none exists" time="0.037">
    </testcase>
    <testcase classname="db.getPool() should return the same pool on subsequent calls" name="db.getPool() should return the same pool on subsequent calls" time="0.003">
    </testcase>
  </testsuite>
  <testsuite name="Integration tests (skipped - set DATABASE_URL to run)" errors="0" failures="0" skipped="0" timestamp="2026-06-15T22:59:55" time="4.311" tests="1">
    <testcase classname="Integration tests (skipped - set DATABASE_URL to run) skipped because DATABASE_URL not set" name="Integration tests (skipped - set DATABASE_URL to run) skipped because DATABASE_URL not set" time="0.02">
    </testcase>
  </testsuite>
  <testsuite name="Routes unit tests with mocked DB" errors="0" failures="0" skipped="0" timestamp="2026-06-15T22:59:55" time="4.393" tests="5">
    <testcase classname="Routes unit tests with mocked DB GET /health returns 200 when DB query succeeds" name="Routes unit tests with mocked DB GET /health returns 200 when DB query succeeds" time="0.121">
    </testcase>
    <testcase classname="Routes unit tests with mocked DB GET /health returns 503 when DB query fails" name="Routes unit tests with mocked DB GET /health returns 503 when DB query fails" time="0.02">
    </testcase>
    <testcase classname="Routes unit tests with mocked DB GET /health/ready returns 503 when DB query fails" name="Routes unit tests with mocked DB GET /health/ready returns 503 when DB query fails" time="0.014">
    </testcase>
    <testcase classname="Routes unit tests with mocked DB GET /products returns 200 and product list when DB succeeds" name="Routes unit tests with mocked DB GET /products returns 200 and product list when DB succeeds" time="0.017">
    </testcase>
    <testcase classname="Routes unit tests with mocked DB GET /products returns 500 when DB query fails" name="Routes unit tests with mocked DB GET /products returns 500 when DB query fails" time="0.051">
    </testcase>
  </testsuite>
  <testsuite name="undefined" errors="0" failures="0" skipped="0" timestamp="2026-06-15T22:59:55" time="4.499" tests="2">
    <testcase classname=" GET / retourne le nom de l&apos;API" name=" GET / retourne le nom de l&apos;API" time="0.147">
    </testcase>
    <testcase classname=" GET /ready retourne ok" name=" GET /ready retourne ok" time="0.017">
    </testcase>
  </testsuite>
  <testsuite name="Logger sanitize branches" errors="0" failures="0" skipped="0" timestamp="2026-06-15T22:59:55" time="4.59" tests="3">
    <testcase classname="Logger sanitize branches handles non-sensitive query params (else branch)" name="Logger sanitize branches handles non-sensitive query params (else branch)" time="0.179">
    </testcase>
    <testcase classname="Logger sanitize branches handles array query params (array + nested object branches)" name="Logger sanitize branches handles array query params (array + nested object branches)" time="0.012">
    </testcase>
    <testcase classname="Logger sanitize branches handles mixed sensitive and non-sensitive params" name="Logger sanitize branches handles mixed sensitive and non-sensitive params" time="0.012">
    </testcase>
  </testsuite>
  <testsuite name="Error handling tests" errors="0" failures="0" skipped="0" timestamp="2026-06-15T22:59:55" time="4.541" tests="5">
    <testcase classname="Error handling tests GET /nonexistent returns 404" name="Error handling tests GET /nonexistent returns 404" time="0.156">
    </testcase>
    <testcase classname="Error handling tests Malformed JSON returns 400" name="Error handling tests Malformed JSON returns 400" time="0.051">
    </testcase>
    <testcase classname="Error handling tests Health endpoint returns 200 when DB is available" name="Error handling tests Health endpoint returns 200 when DB is available" time="0.026">
    </testcase>
    <testcase classname="Error handling tests GET /health/ready returns 200 when DB is available" name="Error handling tests GET /health/ready returns 200 when DB is available" time="0.01">
    </testcase>
    <testcase classname="Error handling tests Request with sensitive query params is handled" name="Error handling tests Request with sensitive query params is handled" time="0.012">
    </testcase>
  </testsuite>
</testsuites>