<?xml version="1.0" encoding="UTF-8"?>
<testsuites name="jest tests" tests="11" failures="0" errors="0" time="2.149">
  <testsuite name="Routes unit tests with mocked DB" errors="0" failures="0" skipped="0" timestamp="2026-06-15T15:43:18" time="1.216" tests="4">
    <testcase classname="Routes unit tests with mocked DB GET /health returns 200 when DB query succeeds" name="Routes unit tests with mocked DB GET /health returns 200 when DB query succeeds" time="0.044">
    </testcase>
    <testcase classname="Routes unit tests with mocked DB GET /health returns 503 when DB query fails" name="Routes unit tests with mocked DB GET /health returns 503 when DB query fails" time="0.009">
    </testcase>
    <testcase classname="Routes unit tests with mocked DB GET /products returns 200 and product list when DB succeeds" name="Routes unit tests with mocked DB GET /products returns 200 and product list when DB succeeds" time="0.006">
    </testcase>
    <testcase classname="Routes unit tests with mocked DB GET /products returns 500 when DB query fails" name="Routes unit tests with mocked DB GET /products returns 500 when DB query fails" time="0.01">
    </testcase>
  </testsuite>
  <testsuite name="Error handling tests" errors="0" failures="0" skipped="0" timestamp="2026-06-15T15:43:19" time="0.296" tests="3">
    <testcase classname="Error handling tests GET /nonexistent returns 404" name="Error handling tests GET /nonexistent returns 404" time="0.009">
    </testcase>
    <testcase classname="Error handling tests Malformed JSON returns 400" name="Error handling tests Malformed JSON returns 400" time="0.028">
    </testcase>
    <testcase classname="Error handling tests Health endpoint returns 200 when DB is available" name="Error handling tests Health endpoint returns 200 when DB is available" time="0.022">
    </testcase>
  </testsuite>
  <testsuite name="Integration tests (skipped - set DATABASE_URL to run)" errors="0" failures="0" skipped="0" timestamp="2026-06-15T15:43:19" time="0.179" tests="1">
    <testcase classname="Integration tests (skipped - set DATABASE_URL to run) skipped because DATABASE_URL not set" name="Integration tests (skipped - set DATABASE_URL to run) skipped because DATABASE_URL not set" time="0.001">
    </testcase>
  </testsuite>
  <testsuite name="undefined" errors="0" failures="0" skipped="0" timestamp="2026-06-15T15:43:19" time="0.207" tests="1">
    <testcase classname=" GET / retourne le nom de l&apos;API" name=" GET / retourne le nom de l&apos;API" time="0.006">
    </testcase>
  </testsuite>
  <testsuite name="db.getPool()" errors="0" failures="0" skipped="0" timestamp="2026-06-15T15:43:20" time="0.072" tests="2">
    <testcase classname="db.getPool() should create a new pool if none exists" name="db.getPool() should create a new pool if none exists" time="0.002">
    </testcase>
    <testcase classname="db.getPool() should return the same pool on subsequent calls" name="db.getPool() should return the same pool on subsequent calls" time="0.001">
    </testcase>
  </testsuite>
</testsuites>